<?xml version="1.0" encoding="UTF-8"?>
<testsuite name="com.learn.ds.tree.TreapTest" tests="4" skipped="0" failures="0" errors="0" timestamp="2022-05-21T08:35:14" hostname="Hasans-MacBook-Air.local" time="0.032">
  <properties/>
  <testcase name="shouldCreateNewNode()" classname="com.learn.ds.tree.TreapTest" time="0.028"/>
  <testcase name="shouldPrintInorder()" classname="com.learn.ds.tree.TreapTest" time="0.001"/>
  <testcase name="shouldSplitSimpleTree()" classname="com.learn.ds.tree.TreapTest" time="0.001"/>
  <testcase name="shouldPrintPreorder()" classname="com.learn.ds.tree.TreapTest" time="0.0"/>
  <system-out><![CDATA[TreapNode{key=20, priority=-42, left.key=NULL, right.key=NULL}
TreapNode{key=30, priority=-28, left.key=20, right.key=NULL}
TreapNode{key=40, priority=-3, left.key=30, right.key=NULL}
TreapNode{key=50, priority=56, left.key=40, right.key=70}
TreapNode{key=60, priority=-51, left.key=NULL, right.key=NULL}
TreapNode{key=70, priority=-36, left.key=60, right.key=NULL}
TreapNode{key=80, priority=79, left.key=50, right.key=NULL}
TreapNode{key=30, priority=78, left.key=20, right.key=60}
TreapNode{key=20, priority=7, left.key=NULL, right.key=NULL}
TreapNode{key=60, priority=47, left.key=50, right.key=80}
TreapNode{key=50, priority=-52, left.key=40, right.key=NULL}
TreapNode{key=40, priority=-88, left.key=NULL, right.key=NULL}
TreapNode{key=80, priority=-20, left.key=70, right.key=NULL}
TreapNode{key=70, priority=-46, left.key=NULL, right.key=NULL}
====splitted====
TreapNode{key=30, priority=78, left.key=20, right.key=50}
TreapNode{key=20, priority=7, left.key=NULL, right.key=NULL}
TreapNode{key=50, priority=-52, left.key=40, right.key=NULL}
TreapNode{key=40, priority=-88, left.key=NULL, right.key=NULL}
================
TreapNode{key=60, priority=47, left.key=NULL, right.key=80}
TreapNode{key=80, priority=-20, left.key=70, right.key=NULL}
TreapNode{key=70, priority=-46, left.key=NULL, right.key=NULL}
TreapNode{key=20, priority=57, left.key=NULL, right.key=70}
TreapNode{key=70, priority=-31, left.key=30, right.key=80}
TreapNode{key=30, priority=-62, left.key=NULL, right.key=40}
TreapNode{key=40, priority=-77, left.key=NULL, right.key=60}
TreapNode{key=60, priority=-81, left.key=50, right.key=NULL}
TreapNode{key=50, priority=-98, left.key=NULL, right.key=NULL}
TreapNode{key=80, priority=-99, left.key=NULL, right.key=NULL}
]]></system-out>
  <system-err><![CDATA[]]></system-err>
</testsuite>
